<?xml version="1.0" encoding="UTF-8"?>
<testng-results ignored="0" total="1" passed="1" failed="0" skipped="0">
  <reporter-output>
  </reporter-output>
  <suite started-at="2023-10-11T01:05:44Z" name="BDD Test Suite" finished-at="2023-10-11T01:06:20Z" duration-ms="35545">
    <groups>
      <group name="cucumber">
        <method signature="AbstractTestNGCucumberTests.runScenario(cucumber.api.testng.PickleEventWrapper, cucumber.api.testng.CucumberFeatureWrapper)[pri:0, instance:com.crowdar.bdd.cukes.TestNGSecuencialRunner@72f926e6]" name="runScenario" class="cucumber.api.testng.AbstractTestNGCucumberTests"/>
      </group> <!-- cucumber -->
    </groups>
    <test started-at="2023-10-11T01:05:44Z" name="TestNg Secuencial runner Tests" finished-at="2023-10-11T01:06:20Z" duration-ms="35545">
      <class name="com.crowdar.bdd.cukes.TestNGSecuencialRunner">
        <test-method is-config="true" signature="setUpClass()[pri:0, instance:com.crowdar.bdd.cukes.TestNGSecuencialRunner@72f926e6]" started-at="2023-10-11T01:05:44Z" name="setUpClass" finished-at="2023-10-11T01:05:44Z" duration-ms="443" status="PASS">
          <reporter-output>
          </reporter-output>
        </test-method> <!-- setUpClass -->
        <test-method signature="runScenario(cucumber.api.testng.PickleEventWrapper, cucumber.api.testng.CucumberFeatureWrapper)[pri:0, instance:com.crowdar.bdd.cukes.TestNGSecuencialRunner@72f926e6]" started-at="2023-10-11T01:05:45Z" name="runScenario" description="Runs Cucumber Scenarios" data-provider="scenarios" finished-at="2023-10-11T01:06:18Z" duration-ms="33800" status="PASS">
          <params>
            <param index="0">
              <value>
                <![CDATA["Login exitoso"]]>
              </value>
            </param>
            <param index="1">
              <value>
                <![CDATA["Iniciar sesión a la cuenta"]]>
              </value>
            </param>
          </params>
          <reporter-output>
          </reporter-output>
        </test-method> <!-- runScenario -->
        <test-method is-config="true" signature="tearDownClass()[pri:0, instance:com.crowdar.bdd.cukes.TestNGSecuencialRunner@72f926e6]" started-at="2023-10-11T01:06:18Z" name="tearDownClass" finished-at="2023-10-11T01:06:20Z" duration-ms="1222" status="PASS">
          <reporter-output>
          </reporter-output>
        </test-method> <!-- tearDownClass -->
      </class> <!-- com.crowdar.bdd.cukes.TestNGSecuencialRunner -->
    </test> <!-- TestNg Secuencial runner Tests -->
  </suite> <!-- BDD Test Suite -->
</testng-results>
